<?xml version="1.0" encoding="UTF-8"?>
<testng-results skipped="0" failed="0" total="1" passed="1">
  <reporter-output>
  </reporter-output>
  <suite name="Default suite" duration-ms="14265" started-at="2020-02-07T16:05:08Z" finished-at="2020-02-07T16:05:22Z">
    <groups>
    </groups>
    <test name="Default test" duration-ms="14265" started-at="2020-02-07T16:05:08Z" finished-at="2020-02-07T16:05:22Z">
      <class name="RailReactApp.Users">
        <test-method status="PASS" signature="ResetPassword()[pri:0, instance:RailReactApp.Users@2a5ca609]" name="ResetPassword" duration-ms="14186" started-at="2020-02-07T16:05:08Z" finished-at="2020-02-07T16:05:22Z">
          <reporter-output>
          </reporter-output>
        </test-method> <!-- ResetPassword -->
      </class> <!-- RailReactApp.Users -->
    </test> <!-- Default test -->
  </suite> <!-- Default suite -->
</testng-results>
